Build started 20/06/2015 2:18:13 PM.
     1>Project "D:\Projects\TreeGenerator\TreeGenerator\TreeGenerator.vcxproj" on node 2 (Build target(s)).
     1>ClCompile:
         C:\Program Files (x86)\Microsoft Visual Studio 12.0\VC\bin\x86_amd64\CL.exe /c /I"C:\Program Files\Autodesk\Maya2014\include" /Zi /nologo /W3 /WX- /Od /D WIN32 /D _DEBUG /D _NDEBUG /D _WINDOWS /D _USRDLL /D TESTING_EXPORTS /D NT_PLUGIN /D _WINDLL /D _MBCS /Gm /EHsc /RTC1 /MDd /GS /fp:precise /Zc:wchar_t /Zc:forScope /Fo"Debugx64\\" /Fd"Debugx64\vc120.pdb" /Gd /TP /errorReport:prompt /I "C:\Program Files (x86)\Autodesk\Maya2011\include" pluginEntry.cpp randomGenerator.cpp treeGenerator.cpp treeGeneratorGUI.cpp
         treeGeneratorGUI.cpp
         treeGenerator.cpp
         randomGenerator.cpp
         pluginEntry.cpp
         Generating Code...
       Link:
         C:\Program Files (x86)\Microsoft Visual Studio 12.0\VC\bin\x86_amd64\link.exe /ERRORREPORT:PROMPT /OUT:"D:\Projects\TreeGenerator\\TreeGenerator\TreeGenerator.mll" /INCREMENTAL /NOLOGO /LIBPATH:"C:\Program Files\Autodesk\Maya2014\lib" Foundation.lib OpenMaya.lib OpenMayaUI.lib OpenMayaAnim.lib OpenMayaFX.lib OpenMayaRender.lib Image.lib opengl32.lib kernel32.lib user32.lib gdi32.lib winspool.lib comdlg32.lib advapi32.lib shell32.lib ole32.lib oleaut32.lib uuid.lib odbc32.lib odbccp32.lib /MANIFEST /MANIFESTUAC:"level='asInvoker' uiAccess='false'" /manifest:embed /DEBUG /PDB:"D:\Projects\TreeGenerator\\TreeGenerator\TreeGenerator.pdb" /SUBSYSTEM:WINDOWS /TLBID:1 /DYNAMICBASE /NXCOMPAT /IMPLIB:"D:\Projects\TreeGenerator\\TreeGenerator\TreeGenerator.lib" /MACHINE:X64 /LIBPATH:"C:\Program Files (x86)\Autodesk\Maya2011\lib"
         /export:initializePlugin /export:uninitializePlugin /DLL Debugx64\pluginEntry.obj
         Debugx64\randomGenerator.obj
         Debugx64\treeGenerator.obj
         Debugx64\treeGeneratorGUI.obj
            Creating library D:\Projects\TreeGenerator\\TreeGenerator\TreeGenerator.lib and object D:\Projects\TreeGenerator\\TreeGenerator\TreeGenerator.exp
         TreeGenerator.vcxproj -> D:\Projects\TreeGenerator\\TreeGenerator\TreeGenerator.mll
     1>Done Building Project "D:\Projects\TreeGenerator\TreeGenerator\TreeGenerator.vcxproj" (Build target(s)).

Build succeeded.

Time Elapsed 00:00:10.10
